# JRE version: OpenJDK Runtime Environment (24.0.1+9) (build 24.0.1+9-30)
# Java VM: OpenJDK 64-Bit Server VM (24.0.1+9-30, mixed mode, sharing, tiered, compressed oops, compressed class ptrs, g1 gc, windows-amd64)
GC Precious Log:
 CardTable entry size: 512
 Card Set container configuration: InlinePtr #cards 5 size 8 Array Of Cards #cards 10 size 36 Howl #buckets 4 coarsen threshold 1843 Howl Bitmap #cards 512 size 80 coarsen threshold 460 Card regions per heap region 1 cards per card region 2048
 CPUs: 8 total, 8 available
 Memory: 8013M
 Large Page Support: Disabled
 NUMA Support: Disabled
 Compressed Oops: Enabled (32-bit)
 Heap Region Size: 1M
 Heap Min Capacity: 8M
 Heap Initial Capacity: 126M
 Heap Max Capacity: 2004M
 Pre-touch: Disabled
 Parallel Workers: 8
 Concurrent Workers: 2
 Concurrent Refinement Workers: 8
 Periodic GC: Disabled
Heap:
 garbage-first heap   total reserved 2052096K, committed 75776K, used 45615K [0x0000000082c00000, 0x0000000100000000)
  region size 1024K, 9 young (9216K), 2 survivors (2048K)
 Metaspace       used 76753K, committed 77376K, reserved 1179648K
  class space    used 8389K, committed 8640K, reserved 1048576K
GC Heap History (20 events):
Event: 15.395 GC heap before
{Heap before GC invocations=7 (full 0):
 garbage-first heap   total reserved 2052096K, committed 62464K, used 47170K [0x0000000082c00000, 0x0000000100000000)
  region size 1024K, 30 young (30720K), 3 survivors (3072K)
 Metaspace       used 41245K, committed 41600K, reserved 1114112K
  class space    used 4131K, committed 4288K, reserved 1048576K
}
Event: 15.400 GC heap after
{Heap after GC invocations=8 (full 0):
 garbage-first heap   total reserved 2052096K, committed 62464K, used 23224K [0x0000000082c00000, 0x0000000100000000)
  region size 1024K, 4 young (4096K), 4 survivors (4096K)
 Metaspace       used 41245K, committed 41600K, reserved 1114112K
  class space    used 4131K, committed 4288K, reserved 1048576K
}
Event: 16.724 GC heap before
{Heap before GC invocations=8 (full 0):
 garbage-first heap   total reserved 2052096K, committed 62464K, used 49848K [0x0000000082c00000, 0x0000000100000000)
  region size 1024K, 30 young (30720K), 4 survivors (4096K)
 Metaspace       used 43831K, committed 44160K, reserved 1114112K
  class space    used 4382K, committed 4544K, reserved 1048576K
}
Event: 16.734 GC heap after
{Heap after GC invocations=9 (full 0):
 garbage-first heap   total reserved 2052096K, committed 62464K, used 25969K [0x0000000082c00000, 0x0000000100000000)
  region size 1024K, 3 young (3072K), 3 survivors (3072K)
 Metaspace       used 43831K, committed 44160K, reserved 1114112K
  class space    used 4382K, committed 4544K, reserved 1048576K
}
Event: 17.559 GC heap before
{Heap before GC invocations=9 (full 0):
 garbage-first heap   total reserved 2052096K, committed 62464K, used 51569K [0x0000000082c00000, 0x0000000100000000)
  region size 1024K, 28 young (28672K), 3 survivors (3072K)
 Metaspace       used 47252K, committed 47616K, reserved 1114112K
  class space    used 4750K, committed 4928K, reserved 1048576K
}
Event: 17.568 GC heap after
{Heap after GC invocations=10 (full 0):
 garbage-first heap   total reserved 2052096K, committed 62464K, used 27825K [0x0000000082c00000, 0x0000000100000000)
  region size 1024K, 2 young (2048K), 2 survivors (2048K)
 Metaspace       used 47252K, committed 47616K, reserved 1114112K
  class space    used 4750K, committed 4928K, reserved 1048576K
}
Event: 18.315 GC heap before
{Heap before GC invocations=10 (full 0):
 garbage-first heap   total reserved 2052096K, committed 62464K, used 53425K [0x0000000082c00000, 0x0000000100000000)
  region size 1024K, 27 young (27648K), 2 survivors (2048K)
 Metaspace       used 51332K, committed 51776K, reserved 1114112K
  class space    used 5234K, committed 5440K, reserved 1048576K
}
Event: 18.322 GC heap after
{Heap after GC invocations=11 (full 0):
 garbage-first heap   total reserved 2052096K, committed 62464K, used 29743K [0x0000000082c00000, 0x0000000100000000)
  region size 1024K, 4 young (4096K), 4 survivors (4096K)
 Metaspace       used 51332K, committed 51776K, reserved 1114112K
  class space    used 5234K, committed 5440K, reserved 1048576K
}
Event: 19.124 GC heap before
{Heap before GC invocations=11 (full 0):
 garbage-first heap   total reserved 2052096K, committed 62464K, used 53295K [0x0000000082c00000, 0x0000000100000000)
  region size 1024K, 27 young (27648K), 4 survivors (4096K)
 Metaspace       used 55796K, committed 56256K, reserved 1114112K
  class space    used 5799K, committed 6016K, reserved 1048576K
}
Event: 19.133 GC heap after
{Heap after GC invocations=12 (full 0):
 garbage-first heap   total reserved 2052096K, committed 62464K, used 31682K [0x0000000082c00000, 0x0000000100000000)
  region size 1024K, 2 young (2048K), 2 survivors (2048K)
 Metaspace       used 55796K, committed 56256K, reserved 1114112K
  class space    used 5799K, committed 6016K, reserved 1048576K
}
Event: 19.814 GC heap before
{Heap before GC invocations=12 (full 0):
 garbage-first heap   total reserved 2052096K, committed 62464K, used 55234K [0x0000000082c00000, 0x0000000100000000)
  region size 1024K, 25 young (25600K), 2 survivors (2048K)
 Metaspace       used 58860K, committed 59328K, reserved 1114112K
  class space    used 6197K, committed 6400K, reserved 1048576K
}
Event: 19.818 GC heap after
{Heap after GC invocations=13 (full 0):
 garbage-first heap   total reserved 2052096K, committed 62464K, used 33041K [0x0000000082c00000, 0x0000000100000000)
  region size 1024K, 4 young (4096K), 4 survivors (4096K)
 Metaspace       used 58860K, committed 59328K, reserved 1114112K
  class space    used 6197K, committed 6400K, reserved 1048576K
}
Event: 20.358 GC heap before
{Heap before GC invocations=14 (full 0):
 garbage-first heap   total reserved 2052096K, committed 62464K, used 52497K [0x0000000082c00000, 0x0000000100000000)
  region size 1024K, 23 young (23552K), 4 survivors (4096K)
 Metaspace       used 60944K, committed 61440K, reserved 1114112K
  class space    used 6463K, committed 6656K, reserved 1048576K
}
Event: 20.366 GC heap after
{Heap after GC invocations=15 (full 0):
 garbage-first heap   total reserved 2052096K, committed 62464K, used 34553K [0x0000000082c00000, 0x0000000100000000)
  region size 1024K, 2 young (2048K), 2 survivors (2048K)
 Metaspace       used 60944K, committed 61440K, reserved 1114112K
  class space    used 6463K, committed 6656K, reserved 1048576K
}
Event: 20.970 GC heap before
{Heap before GC invocations=15 (full 0):
 garbage-first heap   total reserved 2052096K, committed 62464K, used 55033K [0x0000000082c00000, 0x0000000100000000)
  region size 1024K, 22 young (22528K), 2 survivors (2048K)
 Metaspace       used 63799K, committed 64384K, reserved 1114112K
  class space    used 6829K, committed 7104K, reserved 1048576K
}
Event: 20.975 GC heap after
{Heap after GC invocations=16 (full 0):
 garbage-first heap   total reserved 2052096K, committed 75776K, used 35504K [0x0000000082c00000, 0x0000000100000000)
  region size 1024K, 3 young (3072K), 3 survivors (3072K)
 Metaspace       used 63799K, committed 64384K, reserved 1114112K
  class space    used 6829K, committed 7104K, reserved 1048576K
}
Event: 23.264 GC heap before
{Heap before GC invocations=16 (full 0):
 garbage-first heap   total reserved 2052096K, committed 75776K, used 66224K [0x0000000082c00000, 0x0000000100000000)
  region size 1024K, 34 young (34816K), 3 survivors (3072K)
 Metaspace       used 70704K, committed 71296K, reserved 1114112K
  class space    used 7519K, committed 7744K, reserved 1048576K
}
Event: 23.270 GC heap after
{Heap after GC invocations=17 (full 0):
 garbage-first heap   total reserved 2052096K, committed 75776K, used 37839K [0x0000000082c00000, 0x0000000100000000)
  region size 1024K, 4 young (4096K), 4 survivors (4096K)
 Metaspace       used 70704K, committed 71296K, reserved 1114112K
  class space    used 7519K, committed 7744K, reserved 1048576K
}
Event: 24.994 GC heap before
{Heap before GC invocations=17 (full 0):
 garbage-first heap   total reserved 2052096K, committed 75776K, used 66511K [0x0000000082c00000, 0x0000000100000000)
  region size 1024K, 32 young (32768K), 4 survivors (4096K)
 Metaspace       used 75717K, committed 76352K, reserved 1179648K
  class space    used 8258K, committed 8512K, reserved 1048576K
}
Event: 24.999 GC heap after
{Heap after GC invocations=18 (full 0):
 garbage-first heap   total reserved 2052096K, committed 75776K, used 39471K [0x0000000082c00000, 0x0000000100000000)
  region size 1024K, 2 young (2048K), 2 survivors (2048K)
 Metaspace       used 75717K, committed 76352K, reserved 1179648K
  class space    used 8258K, committed 8512K, reserved 1048576K
}

