# JRE version: OpenJDK Runtime Environment (24.0.1+9) (build 24.0.1+9-30)
# Java VM: OpenJDK 64-Bit Server VM (24.0.1+9-30, mixed mode, sharing, tiered, compressed oops, compressed class ptrs, g1 gc, windows-amd64)
GC Precious Log:
 CardTable entry size: 512
 Card Set container configuration: InlinePtr #cards 5 size 8 Array Of Cards #cards 10 size 36 Howl #buckets 4 coarsen threshold 1843 Howl Bitmap #cards 512 size 80 coarsen threshold 460 Card regions per heap region 1 cards per card region 2048
 CPUs: 8 total, 8 available
 Memory: 8013M
 Large Page Support: Disabled
 NUMA Support: Disabled
 Compressed Oops: Enabled (32-bit)
 Heap Region Size: 1M
 Heap Min Capacity: 8M
 Heap Initial Capacity: 126M
 Heap Max Capacity: 2004M
 Pre-touch: Disabled
 Parallel Workers: 8
 Concurrent Workers: 2
 Concurrent Refinement Workers: 8
 Periodic GC: Disabled
Heap:
 garbage-first heap   total reserved 2052096K, committed 81920K, used 64409K [0x0000000082c00000, 0x0000000100000000)
  region size 1024K, 37 young (37888K), 5 survivors (5120K)
 Metaspace       used 65244K, committed 65792K, reserved 1114112K
  class space    used 7167K, committed 7424K, reserved 1048576K
GC Heap History (20 events):
Event: 4.346 GC heap before
{Heap before GC invocations=0 (full 0):
 garbage-first heap   total reserved 2052096K, committed 131072K, used 52336K [0x0000000082c00000, 0x0000000100000000)
  region size 1024K, 47 young (48128K), 0 survivors (0K)
 Metaspace       used 14326K, committed 14528K, reserved 1114112K
  class space    used 1145K, committed 1280K, reserved 1048576K
}
Event: 4.354 GC heap after
{Heap after GC invocations=1 (full 0):
 garbage-first heap   total reserved 2052096K, committed 131072K, used 11808K [0x0000000082c00000, 0x0000000100000000)
  region size 1024K, 6 young (6144K), 6 survivors (6144K)
 Metaspace       used 14326K, committed 14528K, reserved 1114112K
  class space    used 1145K, committed 1280K, reserved 1048576K
}
Event: 17.463 GC heap before
{Heap before GC invocations=1 (full 0):
 garbage-first heap   total reserved 2052096K, committed 131072K, used 54816K [0x0000000082c00000, 0x0000000100000000)
  region size 1024K, 49 young (50176K), 6 survivors (6144K)
 Metaspace       used 21309K, committed 21504K, reserved 1114112K
  class space    used 1868K, committed 1984K, reserved 1048576K
}
Event: 17.478 GC heap after
{Heap after GC invocations=2 (full 0):
 garbage-first heap   total reserved 2052096K, committed 131072K, used 16853K [0x0000000082c00000, 0x0000000100000000)
  region size 1024K, 5 young (5120K), 5 survivors (5120K)
 Metaspace       used 21309K, committed 21504K, reserved 1114112K
  class space    used 1868K, committed 1984K, reserved 1048576K
}
Event: 19.163 GC heap before
{Heap before GC invocations=3 (full 0):
 garbage-first heap   total reserved 2052096K, committed 61440K, used 59861K [0x0000000082c00000, 0x0000000100000000)
  region size 1024K, 47 young (48128K), 5 survivors (5120K)
 Metaspace       used 29458K, committed 29696K, reserved 1114112K
  class space    used 2721K, committed 2816K, reserved 1048576K
}
Event: 19.177 GC heap after
{Heap after GC invocations=4 (full 0):
 garbage-first heap   total reserved 2052096K, committed 67584K, used 18284K [0x0000000082c00000, 0x0000000100000000)
  region size 1024K, 6 young (6144K), 6 survivors (6144K)
 Metaspace       used 29458K, committed 29696K, reserved 1114112K
  class space    used 2721K, committed 2816K, reserved 1048576K
}
Event: 20.147 GC heap before
{Heap before GC invocations=4 (full 0):
 garbage-first heap   total reserved 2052096K, committed 67584K, used 46956K [0x0000000082c00000, 0x0000000100000000)
  region size 1024K, 35 young (35840K), 6 survivors (6144K)
 Metaspace       used 35099K, committed 35392K, reserved 1114112K
  class space    used 3465K, committed 3584K, reserved 1048576K
}
Event: 20.159 GC heap after
{Heap after GC invocations=5 (full 0):
 garbage-first heap   total reserved 2052096K, committed 67584K, used 20097K [0x0000000082c00000, 0x0000000100000000)
  region size 1024K, 4 young (4096K), 4 survivors (4096K)
 Metaspace       used 35099K, committed 35392K, reserved 1114112K
  class space    used 3465K, committed 3584K, reserved 1048576K
}
Event: 20.230 GC heap before
{Heap before GC invocations=5 (full 0):
 garbage-first heap   total reserved 2052096K, committed 67584K, used 23169K [0x0000000082c00000, 0x0000000100000000)
  region size 1024K, 8 young (8192K), 4 survivors (4096K)
 Metaspace       used 35765K, committed 35968K, reserved 1114112K
  class space    used 3560K, committed 3648K, reserved 1048576K
}
Event: 20.236 GC heap after
{Heap after GC invocations=6 (full 0):
 garbage-first heap   total reserved 2052096K, committed 67584K, used 20536K [0x0000000082c00000, 0x0000000100000000)
  region size 1024K, 3 young (3072K), 3 survivors (3072K)
 Metaspace       used 35765K, committed 35968K, reserved 1114112K
  class space    used 3560K, committed 3648K, reserved 1048576K
}
Event: 21.208 GC heap before
{Heap before GC invocations=7 (full 0):
 garbage-first heap   total reserved 2052096K, committed 67584K, used 51256K [0x0000000082c00000, 0x0000000100000000)
  region size 1024K, 34 young (34816K), 3 survivors (3072K)
 Metaspace       used 41170K, committed 41472K, reserved 1114112K
  class space    used 4084K, committed 4224K, reserved 1048576K
}
Event: 21.219 GC heap after
{Heap after GC invocations=8 (full 0):
 garbage-first heap   total reserved 2052096K, committed 67584K, used 23829K [0x0000000082c00000, 0x0000000100000000)
  region size 1024K, 5 young (5120K), 5 survivors (5120K)
 Metaspace       used 41170K, committed 41472K, reserved 1114112K
  class space    used 4084K, committed 4224K, reserved 1048576K
}
Event: 22.336 GC heap before
{Heap before GC invocations=8 (full 0):
 garbage-first heap   total reserved 2052096K, committed 67584K, used 54549K [0x0000000082c00000, 0x0000000100000000)
  region size 1024K, 35 young (35840K), 5 survivors (5120K)
 Metaspace       used 45192K, committed 45504K, reserved 1114112K
  class space    used 4536K, committed 4672K, reserved 1048576K
}
Event: 22.356 GC heap after
{Heap after GC invocations=9 (full 0):
 garbage-first heap   total reserved 2052096K, committed 67584K, used 25594K [0x0000000082c00000, 0x0000000100000000)
  region size 1024K, 3 young (3072K), 3 survivors (3072K)
 Metaspace       used 45192K, committed 45504K, reserved 1114112K
  class space    used 4536K, committed 4672K, reserved 1048576K
}
Event: 23.267 GC heap before
{Heap before GC invocations=9 (full 0):
 garbage-first heap   total reserved 2052096K, committed 67584K, used 55290K [0x0000000082c00000, 0x0000000100000000)
  region size 1024K, 32 young (32768K), 3 survivors (3072K)
 Metaspace       used 50078K, committed 50432K, reserved 1114112K
  class space    used 5204K, committed 5376K, reserved 1048576K
}
Event: 23.284 GC heap after
{Heap after GC invocations=10 (full 0):
 garbage-first heap   total reserved 2052096K, committed 67584K, used 27926K [0x0000000082c00000, 0x0000000100000000)
  region size 1024K, 3 young (3072K), 3 survivors (3072K)
 Metaspace       used 50078K, committed 50432K, reserved 1114112K
  class space    used 5204K, committed 5376K, reserved 1048576K
}
Event: 24.306 GC heap before
{Heap before GC invocations=10 (full 0):
 garbage-first heap   total reserved 2052096K, committed 67584K, used 55574K [0x0000000082c00000, 0x0000000100000000)
  region size 1024K, 31 young (31744K), 3 survivors (3072K)
 Metaspace       used 54066K, committed 54528K, reserved 1114112K
  class space    used 5696K, committed 5888K, reserved 1048576K
}
Event: 24.318 GC heap after
{Heap after GC invocations=11 (full 0):
 garbage-first heap   total reserved 2052096K, committed 81920K, used 30429K [0x0000000082c00000, 0x0000000100000000)
  region size 1024K, 3 young (3072K), 3 survivors (3072K)
 Metaspace       used 54066K, committed 54528K, reserved 1114112K
  class space    used 5696K, committed 5888K, reserved 1048576K
}
Event: 26.951 GC heap before
{Heap before GC invocations=11 (full 0):
 garbage-first heap   total reserved 2052096K, committed 81920K, used 63197K [0x0000000082c00000, 0x0000000100000000)
  region size 1024K, 36 young (36864K), 3 survivors (3072K)
 Metaspace       used 59937K, committed 60416K, reserved 1114112K
  class space    used 6368K, committed 6592K, reserved 1048576K
}
Event: 26.965 GC heap after
{Heap after GC invocations=12 (full 0):
 garbage-first heap   total reserved 2052096K, committed 81920K, used 32665K [0x0000000082c00000, 0x0000000100000000)
  region size 1024K, 5 young (5120K), 5 survivors (5120K)
 Metaspace       used 59937K, committed 60416K, reserved 1114112K
  class space    used 6368K, committed 6592K, reserved 1048576K
}

